<?xml version="1.0" encoding="UTF-8"?>
<!-- Generated by org.testng.reporters.JUnitReportReporter -->
<testsuite hostname="DESKTOP-1J6Q2U8" failures="0" tests="3" name="basic_Authentication_and_Digest_Authentication.Basic_Digest_Authentication" time="10.540" errors="0" timestamp="2025-06-02T16:51:12 IST" skipped="0">
  <testcase classname="basic_Authentication_and_Digest_Authentication.Basic_Digest_Authentication" name="basic_auth_preemptive" time="1.142"/>
  <testcase classname="basic_Authentication_and_Digest_Authentication.Basic_Digest_Authentication" name="basic_auth" time="2.896"/>
  <testcase classname="basic_Authentication_and_Digest_Authentication.Basic_Digest_Authentication" name="digesr_auth" time="6.502"/>
</testsuite> <!-- basic_Authentication_and_Digest_Authentication.Basic_Digest_Authentication -->
