<?xml version="1.0" encoding="UTF-8"?>
<!-- Generated by org.testng.reporters.JUnitReportReporter -->
<testsuite hostname="DESKTOP-1J6Q2U8" failures="0" tests="1" name="bearertoken.Bearertoken_code" time="1.692" errors="0" timestamp="2025-06-02T17:12:50 IST" skipped="0">
  <testcase classname="bearertoken.Bearertoken_code" name="Bearertoken" time="1.692"/>
</testsuite> <!-- bearertoken.Bearertoken_code -->
