<?xml version="1.0" encoding="UTF-8"?>
<!-- Generated by org.testng.reporters.JUnitReportReporter -->
<testsuite hostname="DESKTOP-1J6Q2U8" failures="0" tests="4" name="API_Testing_CURD_Operation.API_GetMethod" time="1.864" errors="0" timestamp="2025-06-03T11:07:36 IST" skipped="0">
  <testcase classname="API_Testing_CURD_Operation.API_GetMethod" name="test01_Without_BDD" time="0.038"/>
  <testcase classname="API_Testing_CURD_Operation.API_GetMethod" name="test01_Without_BDD" time="0.084"/>
  <testcase classname="API_Testing_CURD_Operation.API_GetMethod" name="test01_Without_BDD" time="0.041"/>
  <testcase classname="API_Testing_CURD_Operation.API_GetMethod" name="Test03_API_Key_without_BDD" time="1.701"/>
</testsuite> <!-- API_Testing_CURD_Operation.API_GetMethod -->
