<?xml version="1.0" encoding="UTF-8"?>
<!-- Generated by org.testng.reporters.JUnitReportReporter -->
<testsuite hostname="DESKTOP-1J6Q2U8" failures="0" tests="4" name="com.example.API_GetMethod" time="2.076" errors="0" timestamp="2025-05-31T15:21:44 IST" skipped="0">
  <testcase classname="com.example.API_GetMethod" name="test01_Without_BDD" time="0.037"/>
  <testcase classname="com.example.API_GetMethod" name="test01_Without_BDD" time="0.035"/>
  <testcase classname="com.example.API_GetMethod" name="Test03_API_Key_without_BDD" time="1.812"/>
  <testcase classname="com.example.API_GetMethod" name="test01_Without_BDD" time="0.192"/>
</testsuite> <!-- com.example.API_GetMethod -->
