<?xml version="1.0" encoding="UTF-8"?>
<!-- Generated by org.testng.reporters.JUnitReportReporter -->
<testsuite hostname="DESKTOP-1J6Q2U8" failures="0" tests="1" name="API_Testing_CURD_Operation.API_PutMethod" time="1.965" errors="0" timestamp="2025-06-02T11:51:35 IST" skipped="0">
  <testcase classname="API_Testing_CURD_Operation.API_PutMethod" name="testcase01" time="1.965"/>
</testsuite> <!-- API_Testing_CURD_Operation.API_PutMethod -->
