<?xml version="1.0" encoding="UTF-8"?>
<!-- Generated by org.testng.reporters.JUnitReportReporter -->
<testsuite hostname="DESKTOP-1J6Q2U8" failures="0" tests="1" name="validate_HTTP_query_parameter.Validate_HTTP_query_parameter_filter_data" time="2.476" errors="0" timestamp="2025-06-02T16:07:50 IST" skipped="0">
  <testcase classname="validate_HTTP_query_parameter.Validate_HTTP_query_parameter_filter_data" name="filter_data" time="2.476"/>
</testsuite> <!-- validate_HTTP_query_parameter.Validate_HTTP_query_parameter_filter_data -->
