<?xml version="1.0" encoding="UTF-8"?>
<!-- Generated by org.testng.reporters.JUnitReportReporter -->
<testsuite hostname="DESKTOP-1J6Q2U8" failures="0" tests="1" name="validate_HTTP_Response_Header.Header_Verify" time="1.499" errors="0" timestamp="2025-06-02T14:30:34 IST" skipped="0">
  <testcase classname="validate_HTTP_Response_Header.Header_Verify" name="Headerverify" time="1.499"/>
</testsuite> <!-- validate_HTTP_Response_Header.Header_Verify -->
