<?xml version="1.0" encoding="UTF-8"?>
<!-- Generated by org.testng.reporters.JUnitReportReporter -->
<testsuite hostname="DESKTOP-1J6Q2U8" failures="0" tests="1" name="authorization_OAuth.OAuth_Authorization" time="1.871" errors="0" timestamp="2025-06-03T12:56:35 IST" skipped="0">
  <testcase classname="authorization_OAuth.OAuth_Authorization" name="OAuth2_ClientCredentials" time="1.871"/>
</testsuite> <!-- authorization_OAuth.OAuth_Authorization -->
