<?xml version="1.0" encoding="UTF-8"?>
<!-- Generated by org.testng.reporters.JUnitReportReporter -->
<testsuite hostname="DESKTOP-1J6Q2U8" failures="0" tests="1" name="com.example.API_PostMethod" time="2.300" errors="0" timestamp="2025-05-31T15:21:50 IST" skipped="0">
  <testcase classname="com.example.API_PostMethod" name="Testcase01" time="2.300"/>
</testsuite> <!-- com.example.API_PostMethod -->
