<?xml version="1.0" encoding="UTF-8"?>
<!-- Generated by org.testng.reporters.JUnitReportReporter -->
<testsuite hostname="DESKTOP-1J6Q2U8" failures="0" tests="1" name="api_key_authentication.Api_key_authent" time="1.503" errors="0" timestamp="2025-06-02T17:48:50 IST" skipped="0">
  <testcase classname="api_key_authentication.Api_key_authent" name="Bearertoken" time="1.503"/>
</testsuite> <!-- api_key_authentication.Api_key_authent -->
