<?xml version="1.0" encoding="UTF-8"?>
<!-- Generated by org.testng.reporters.JUnitReportReporter -->
<testsuite hostname="DESKTOP-1J6Q2U8" failures="0" tests="1" name="validate_HTTP_json_data.Json_data_verifying" time="2.284" errors="0" timestamp="2025-06-02T15:49:20 IST" skipped="0">
  <testcase classname="validate_HTTP_json_data.Json_data_verifying" name="jsondata" time="2.284"/>
</testsuite> <!-- validate_HTTP_json_data.Json_data_verifying -->
