<?xml version="1.0" encoding="UTF-8"?>
<!-- Generated by org.testng.reporters.JUnitReportReporter -->
<testsuite hostname="DESKTOP-1J6Q2U8" failures="0" tests="1" name="com.example.API_PatchMethod" time="2.258" errors="0" timestamp="2025-05-31T15:22:31 IST" skipped="0">
  <testcase classname="com.example.API_PatchMethod" name="testcase01" time="2.258"/>
</testsuite> <!-- com.example.API_PatchMethod -->
