<?xml version="1.0" encoding="UTF-8"?>
<!-- Generated by org.testng.reporters.JUnitReportReporter -->
<testsuite hostname="DESKTOP-1J6Q2U8" failures="0" tests="3" name="validate_HTTP_Response_Status.Validate_HTTP_Response_Status_Code" time="1.802" errors="0" timestamp="2025-06-02T13:32:55 IST" skipped="0">
  <testcase classname="validate_HTTP_Response_Status.Validate_HTTP_Response_Status_Code" name="Testcase_Validate_HTTP_Response_code" time="0.122"/>
  <testcase classname="validate_HTTP_Response_Status.Validate_HTTP_Response_Status_Code" name="Testcase_Validatable_HTTP_Response_code" time="1.589"/>
  <testcase classname="validate_HTTP_Response_Status.Validate_HTTP_Response_Status_Code" name="Testcase_Validatable_HTTP_Response_code_withBDD_Method" time="0.091"/>
</testsuite> <!-- validate_HTTP_Response_Status.Validate_HTTP_Response_Status_Code -->
