<?xml version="1.0" encoding="UTF-8"?>
<!-- Generated by org.testng.reporters.JUnitReportReporter -->
<testsuite hostname="DESKTOP-1J6Q2U8" failures="0" tests="10" name="com.example.RestAssuredAPITesting" time="1.591" errors="0" timestamp="2025-05-31T14:06:21 IST" skipped="0">
  <testcase classname="com.example.RestAssuredAPITesting" name="Test02_With_BDD" time="0.059"/>
  <testcase classname="com.example.RestAssuredAPITesting" name="Test02_With_BDD" time="0.046"/>
  <testcase classname="com.example.RestAssuredAPITesting" name="test01_Without_BDD" time="0.028"/>
  <testcase classname="com.example.RestAssuredAPITesting" name="test01_Without_BDD" time="0.036"/>
  <testcase classname="com.example.RestAssuredAPITesting" name="Test02_With_BDD" time="0.021"/>
  <testcase classname="com.example.RestAssuredAPITesting" name="test01_Without_BDD" time="0.024"/>
  <testcase classname="com.example.RestAssuredAPITesting" name="test01_Without_BDD" time="0.038"/>
  <testcase classname="com.example.RestAssuredAPITesting" name="Test02_With_BDD" time="0.030"/>
  <testcase classname="com.example.RestAssuredAPITesting" name="Test02_With_BDD" time="1.284"/>
  <testcase classname="com.example.RestAssuredAPITesting" name="test01_Without_BDD" time="0.025"/>
</testsuite> <!-- com.example.RestAssuredAPITesting -->
