<?xml version="1.0" encoding="UTF-8"?>
<!-- Generated by org.testng.reporters.JUnitReportReporter -->
<testsuite hostname="DESKTOP-1J6Q2U8" failures="0" tests="4" name="API_Testing_CURD_Operation.API_GetMethod" time="1.840" errors="0" timestamp="2025-06-02T11:51:35 IST" skipped="0">
  <testcase classname="API_Testing_CURD_Operation.API_GetMethod" name="Test03_API_Key_without_BDD" time="1.724"/>
  <testcase classname="API_Testing_CURD_Operation.API_GetMethod" name="test01_Without_BDD" time="0.029"/>
  <testcase classname="API_Testing_CURD_Operation.API_GetMethod" name="test01_Without_BDD" time="0.055"/>
  <testcase classname="API_Testing_CURD_Operation.API_GetMethod" name="test01_Without_BDD" time="0.032"/>
</testsuite> <!-- API_Testing_CURD_Operation.API_GetMethod -->
